0 info it worked if it ends with ok
1 verbose cli [ '/home/peterlzhou/.nvm/versions/node/v6.2.2/bin/node',
1 verbose cli   '/home/peterlzhou/.nvm/versions/node/v6.2.2/bin/npm',
1 verbose cli   'start' ]
2 info using npm@3.9.5
3 info using node@v6.2.2
4 verbose run-script [ 'prestart', 'start', 'poststart' ]
5 info lifecycle bluetoothwifibackend@1.0.0~prestart: bluetoothwifibackend@1.0.0
6 silly lifecycle bluetoothwifibackend@1.0.0~prestart: no script for prestart, continuing
7 info lifecycle bluetoothwifibackend@1.0.0~start: bluetoothwifibackend@1.0.0
8 verbose lifecycle bluetoothwifibackend@1.0.0~start: unsafe-perm in lifecycle true
9 verbose lifecycle bluetoothwifibackend@1.0.0~start: PATH: /home/peterlzhou/.nvm/versions/node/v6.2.2/lib/node_modules/npm/bin/node-gyp-bin:/home/peterlzhou/Yale/Spring 2017/CPSC 434/BluetoothWifiBackend/node_modules/.bin:/home/peterlzhou/.nvm/versions/node/v6.2.2/bin:/home/peterlzhou/.local/bin:/home/peterlzhou/bin:/usr/local/heroku/bin:/home/peterlzhou/.nvm/versions/node/v6.2.2/bin:/home/peterlzhou/.local/bin:/home/peterlzhou/bin:/usr/local/heroku/bin:/home/peterlzhou/.local/bin:/home/peterlzhou/bin:/usr/local/heroku/bin:/home/peterlzhou/.local/bin:/home/peterlzhou/bin:/usr/local/heroku/bin:/home/peterlzhou/.local/bin:/home/peterlzhou/bin:/usr/local/sbin:/usr/local/bin:/usr/sbin:/usr/bin:/sbin:/bin:/usr/games:/usr/local/games:/snap/bin:/snap/bin:/snap/bin:/snap/bin:/snap/bin
10 verbose lifecycle bluetoothwifibackend@1.0.0~start: CWD: /home/peterlzhou/Yale/Spring 2017/CPSC 434/BluetoothWifiBackend
11 silly lifecycle bluetoothwifibackend@1.0.0~start: Args: [ '-c', 'babel-node index.js --presets es2015' ]
12 silly lifecycle bluetoothwifibackend@1.0.0~start: Returned: code: 1  signal: null
13 info lifecycle bluetoothwifibackend@1.0.0~start: Failed to exec start script
14 verbose stack Error: bluetoothwifibackend@1.0.0 start: `babel-node index.js --presets es2015`
14 verbose stack Exit status 1
14 verbose stack     at EventEmitter.<anonymous> (/home/peterlzhou/.nvm/versions/node/v6.2.2/lib/node_modules/npm/lib/utils/lifecycle.js:245:16)
14 verbose stack     at emitTwo (events.js:106:13)
14 verbose stack     at EventEmitter.emit (events.js:191:7)
14 verbose stack     at ChildProcess.<anonymous> (/home/peterlzhou/.nvm/versions/node/v6.2.2/lib/node_modules/npm/lib/utils/spawn.js:24:14)
14 verbose stack     at emitTwo (events.js:106:13)
14 verbose stack     at ChildProcess.emit (events.js:191:7)
14 verbose stack     at maybeClose (internal/child_process.js:852:16)
14 verbose stack     at Process.ChildProcess._handle.onexit (internal/child_process.js:215:5)
15 verbose pkgid bluetoothwifibackend@1.0.0
16 verbose cwd /home/peterlzhou/Yale/Spring 2017/CPSC 434/BluetoothWifiBackend
17 error Linux 4.4.0-75-generic
18 error argv "/home/peterlzhou/.nvm/versions/node/v6.2.2/bin/node" "/home/peterlzhou/.nvm/versions/node/v6.2.2/bin/npm" "start"
19 error node v6.2.2
20 error npm  v3.9.5
21 error code ELIFECYCLE
22 error bluetoothwifibackend@1.0.0 start: `babel-node index.js --presets es2015`
22 error Exit status 1
23 error Failed at the bluetoothwifibackend@1.0.0 start script 'babel-node index.js --presets es2015'.
23 error Make sure you have the latest version of node.js and npm installed.
23 error If you do, this is most likely a problem with the bluetoothwifibackend package,
23 error not with npm itself.
23 error Tell the author that this fails on your system:
23 error     babel-node index.js --presets es2015
23 error You can get information on how to open an issue for this project with:
23 error     npm bugs bluetoothwifibackend
23 error Or if that isn't available, you can get their info via:
23 error     npm owner ls bluetoothwifibackend
23 error There is likely additional logging output above.
24 verbose exit [ 1, true ]
